Determining if files sys/file.h;sys/ioctl.h;sys/resource.h;sys/socket.h;sys/stat.h;sys/time.h;sys/types.h;features.h;dirent.h;setjmp.h;stddef.h;stdint.h;unistd.h;mach/mach_time.h exist failed with the following output:
Change Dir: /home/csc/met-io-rs/met-io-rs/target/release/build/hdf5-src-a855198d21d93c8f/out/build/CMakeFiles/CMakeTmp

Run Build Command(s):/usr/bin/make cmTC_22629/fast && /usr/bin/make  -f CMakeFiles/cmTC_22629.dir/build.make CMakeFiles/cmTC_22629.dir/build
make[1]: Entering directory '/home/csc/met-io-rs/met-io-rs/target/release/build/hdf5-src-a855198d21d93c8f/out/build/CMakeFiles/CMakeTmp'
Building C object CMakeFiles/cmTC_22629.dir/H5_HAVE_MACH_MACH_TIME_H.c.o
/usr/bin/cc   -ffunction-sections -fdata-sections -fPIC -m64  -o CMakeFiles/cmTC_22629.dir/H5_HAVE_MACH_MACH_TIME_H.c.o -c /home/csc/met-io-rs/met-io-rs/target/release/build/hdf5-src-a855198d21d93c8f/out/build/CMakeFiles/CheckIncludeFiles/H5_HAVE_MACH_MACH_TIME_H.c
/home/csc/met-io-rs/met-io-rs/target/release/build/hdf5-src-a855198d21d93c8f/out/build/CMakeFiles/CheckIncludeFiles/H5_HAVE_MACH_MACH_TIME_H.c:15:10: fatal error: mach/mach_time.h: No such file or directory
 #include <mach/mach_time.h>
          ^~~~~~~~~~~~~~~~~~
compilation terminated.
CMakeFiles/cmTC_22629.dir/build.make:84: recipe for target 'CMakeFiles/cmTC_22629.dir/H5_HAVE_MACH_MACH_TIME_H.c.o' failed
make[1]: *** [CMakeFiles/cmTC_22629.dir/H5_HAVE_MACH_MACH_TIME_H.c.o] Error 1
make[1]: Leaving directory '/home/csc/met-io-rs/met-io-rs/target/release/build/hdf5-src-a855198d21d93c8f/out/build/CMakeFiles/CMakeTmp'
Makefile:140: recipe for target 'cmTC_22629/fast' failed
make: *** [cmTC_22629/fast] Error 2


Source:
/* */
#include <sys/file.h>
#include <sys/ioctl.h>
#include <sys/resource.h>
#include <sys/socket.h>
#include <sys/stat.h>
#include <sys/time.h>
#include <sys/types.h>
#include <features.h>
#include <dirent.h>
#include <setjmp.h>
#include <stddef.h>
#include <stdint.h>
#include <unistd.h>
#include <mach/mach_time.h>


int main(void){return 0;}

Determining if files sys/file.h;sys/ioctl.h;sys/resource.h;sys/socket.h;sys/stat.h;sys/time.h;sys/types.h;features.h;dirent.h;setjmp.h;stddef.h;stdint.h;unistd.h;io.h exist failed with the following output:
Change Dir: /home/csc/met-io-rs/met-io-rs/target/release/build/hdf5-src-a855198d21d93c8f/out/build/CMakeFiles/CMakeTmp

Run Build Command(s):/usr/bin/make cmTC_63af8/fast && /usr/bin/make  -f CMakeFiles/cmTC_63af8.dir/build.make CMakeFiles/cmTC_63af8.dir/build
make[1]: Entering directory '/home/csc/met-io-rs/met-io-rs/target/release/build/hdf5-src-a855198d21d93c8f/out/build/CMakeFiles/CMakeTmp'
Building C object CMakeFiles/cmTC_63af8.dir/H5_HAVE_IO_H.c.o
/usr/bin/cc   -ffunction-sections -fdata-sections -fPIC -m64  -o CMakeFiles/cmTC_63af8.dir/H5_HAVE_IO_H.c.o -c /home/csc/met-io-rs/met-io-rs/target/release/build/hdf5-src-a855198d21d93c8f/out/build/CMakeFiles/CheckIncludeFiles/H5_HAVE_IO_H.c
/home/csc/met-io-rs/met-io-rs/target/release/build/hdf5-src-a855198d21d93c8f/out/build/CMakeFiles/CheckIncludeFiles/H5_HAVE_IO_H.c:15:10: fatal error: io.h: No such file or directory
 #include <io.h>
          ^~~~~~
compilation terminated.
CMakeFiles/cmTC_63af8.dir/build.make:84: recipe for target 'CMakeFiles/cmTC_63af8.dir/H5_HAVE_IO_H.c.o' failed
make[1]: *** [CMakeFiles/cmTC_63af8.dir/H5_HAVE_IO_H.c.o] Error 1
make[1]: Leaving directory '/home/csc/met-io-rs/met-io-rs/target/release/build/hdf5-src-a855198d21d93c8f/out/build/CMakeFiles/CMakeTmp'
Makefile:140: recipe for target 'cmTC_63af8/fast' failed
make: *** [cmTC_63af8/fast] Error 2


Source:
/* */
#include <sys/file.h>
#include <sys/ioctl.h>
#include <sys/resource.h>
#include <sys/socket.h>
#include <sys/stat.h>
#include <sys/time.h>
#include <sys/types.h>
#include <features.h>
#include <dirent.h>
#include <setjmp.h>
#include <stddef.h>
#include <stdint.h>
#include <unistd.h>
#include <io.h>


int main(void){return 0;}

Determining if files sys/file.h;sys/ioctl.h;sys/resource.h;sys/socket.h;sys/stat.h;sys/time.h;sys/types.h;features.h;dirent.h;setjmp.h;stddef.h;stdint.h;unistd.h;winsock2.h exist failed with the following output:
Change Dir: /home/csc/met-io-rs/met-io-rs/target/release/build/hdf5-src-a855198d21d93c8f/out/build/CMakeFiles/CMakeTmp

Run Build Command(s):/usr/bin/make cmTC_23919/fast && /usr/bin/make  -f CMakeFiles/cmTC_23919.dir/build.make CMakeFiles/cmTC_23919.dir/build
make[1]: Entering directory '/home/csc/met-io-rs/met-io-rs/target/release/build/hdf5-src-a855198d21d93c8f/out/build/CMakeFiles/CMakeTmp'
Building C object CMakeFiles/cmTC_23919.dir/H5_HAVE_WINSOCK2_H.c.o
/usr/bin/cc   -ffunction-sections -fdata-sections -fPIC -m64  -o CMakeFiles/cmTC_23919.dir/H5_HAVE_WINSOCK2_H.c.o -c /home/csc/met-io-rs/met-io-rs/target/release/build/hdf5-src-a855198d21d93c8f/out/build/CMakeFiles/CheckIncludeFiles/H5_HAVE_WINSOCK2_H.c
/home/csc/met-io-rs/met-io-rs/target/release/build/hdf5-src-a855198d21d93c8f/out/build/CMakeFiles/CheckIncludeFiles/H5_HAVE_WINSOCK2_H.c:15:10: fatal error: winsock2.h: No such file or directory
 #include <winsock2.h>
          ^~~~~~~~~~~~
compilation terminated.
CMakeFiles/cmTC_23919.dir/build.make:84: recipe for target 'CMakeFiles/cmTC_23919.dir/H5_HAVE_WINSOCK2_H.c.o' failed
make[1]: *** [CMakeFiles/cmTC_23919.dir/H5_HAVE_WINSOCK2_H.c.o] Error 1
make[1]: Leaving directory '/home/csc/met-io-rs/met-io-rs/target/release/build/hdf5-src-a855198d21d93c8f/out/build/CMakeFiles/CMakeTmp'
Makefile:140: recipe for target 'cmTC_23919/fast' failed
make: *** [cmTC_23919/fast] Error 2


Source:
/* */
#include <sys/file.h>
#include <sys/ioctl.h>
#include <sys/resource.h>
#include <sys/socket.h>
#include <sys/stat.h>
#include <sys/time.h>
#include <sys/types.h>
#include <features.h>
#include <dirent.h>
#include <setjmp.h>
#include <stddef.h>
#include <stdint.h>
#include <unistd.h>
#include <winsock2.h>


int main(void){return 0;}

Determining if files sys/file.h;sys/ioctl.h;sys/resource.h;sys/socket.h;sys/stat.h;sys/time.h;sys/types.h;features.h;dirent.h;setjmp.h;stddef.h;stdint.h;unistd.h;sys/timeb.h;globus/common.h exist failed with the following output:
Change Dir: /home/csc/met-io-rs/met-io-rs/target/release/build/hdf5-src-a855198d21d93c8f/out/build/CMakeFiles/CMakeTmp

Run Build Command(s):/usr/bin/make cmTC_a3a15/fast && /usr/bin/make  -f CMakeFiles/cmTC_a3a15.dir/build.make CMakeFiles/cmTC_a3a15.dir/build
make[1]: Entering directory '/home/csc/met-io-rs/met-io-rs/target/release/build/hdf5-src-a855198d21d93c8f/out/build/CMakeFiles/CMakeTmp'
Building C object CMakeFiles/cmTC_a3a15.dir/H5_HAVE_GLOBUS_COMMON_H.c.o
/usr/bin/cc   -ffunction-sections -fdata-sections -fPIC -m64  -o CMakeFiles/cmTC_a3a15.dir/H5_HAVE_GLOBUS_COMMON_H.c.o -c /home/csc/met-io-rs/met-io-rs/target/release/build/hdf5-src-a855198d21d93c8f/out/build/CMakeFiles/CheckIncludeFiles/H5_HAVE_GLOBUS_COMMON_H.c
/home/csc/met-io-rs/met-io-rs/target/release/build/hdf5-src-a855198d21d93c8f/out/build/CMakeFiles/CheckIncludeFiles/H5_HAVE_GLOBUS_COMMON_H.c:16:10: fatal error: globus/common.h: No such file or directory
 #include <globus/common.h>
          ^~~~~~~~~~~~~~~~~
compilation terminated.
CMakeFiles/cmTC_a3a15.dir/build.make:84: recipe for target 'CMakeFiles/cmTC_a3a15.dir/H5_HAVE_GLOBUS_COMMON_H.c.o' failed
make[1]: *** [CMakeFiles/cmTC_a3a15.dir/H5_HAVE_GLOBUS_COMMON_H.c.o] Error 1
make[1]: Leaving directory '/home/csc/met-io-rs/met-io-rs/target/release/build/hdf5-src-a855198d21d93c8f/out/build/CMakeFiles/CMakeTmp'
Makefile:140: recipe for target 'cmTC_a3a15/fast' failed
make: *** [cmTC_a3a15/fast] Error 2


Source:
/* */
#include <sys/file.h>
#include <sys/ioctl.h>
#include <sys/resource.h>
#include <sys/socket.h>
#include <sys/stat.h>
#include <sys/time.h>
#include <sys/types.h>
#include <features.h>
#include <dirent.h>
#include <setjmp.h>
#include <stddef.h>
#include <stdint.h>
#include <unistd.h>
#include <sys/timeb.h>
#include <globus/common.h>


int main(void){return 0;}

Determining if files sys/file.h;sys/ioctl.h;sys/resource.h;sys/socket.h;sys/stat.h;sys/time.h;sys/types.h;features.h;dirent.h;setjmp.h;stddef.h;stdint.h;unistd.h;sys/timeb.h;pdb.h exist failed with the following output:
Change Dir: /home/csc/met-io-rs/met-io-rs/target/release/build/hdf5-src-a855198d21d93c8f/out/build/CMakeFiles/CMakeTmp

Run Build Command(s):/usr/bin/make cmTC_fe4f7/fast && /usr/bin/make  -f CMakeFiles/cmTC_fe4f7.dir/build.make CMakeFiles/cmTC_fe4f7.dir/build
make[1]: Entering directory '/home/csc/met-io-rs/met-io-rs/target/release/build/hdf5-src-a855198d21d93c8f/out/build/CMakeFiles/CMakeTmp'
Building C object CMakeFiles/cmTC_fe4f7.dir/H5_HAVE_PDB_H.c.o
/usr/bin/cc   -ffunction-sections -fdata-sections -fPIC -m64  -o CMakeFiles/cmTC_fe4f7.dir/H5_HAVE_PDB_H.c.o -c /home/csc/met-io-rs/met-io-rs/target/release/build/hdf5-src-a855198d21d93c8f/out/build/CMakeFiles/CheckIncludeFiles/H5_HAVE_PDB_H.c
/home/csc/met-io-rs/met-io-rs/target/release/build/hdf5-src-a855198d21d93c8f/out/build/CMakeFiles/CheckIncludeFiles/H5_HAVE_PDB_H.c:16:10: fatal error: pdb.h: No such file or directory
 #include <pdb.h>
          ^~~~~~~
compilation terminated.
CMakeFiles/cmTC_fe4f7.dir/build.make:84: recipe for target 'CMakeFiles/cmTC_fe4f7.dir/H5_HAVE_PDB_H.c.o' failed
make[1]: *** [CMakeFiles/cmTC_fe4f7.dir/H5_HAVE_PDB_H.c.o] Error 1
make[1]: Leaving directory '/home/csc/met-io-rs/met-io-rs/target/release/build/hdf5-src-a855198d21d93c8f/out/build/CMakeFiles/CMakeTmp'
Makefile:140: recipe for target 'cmTC_fe4f7/fast' failed
make: *** [cmTC_fe4f7/fast] Error 2


Source:
/* */
#include <sys/file.h>
#include <sys/ioctl.h>
#include <sys/resource.h>
#include <sys/socket.h>
#include <sys/stat.h>
#include <sys/time.h>
#include <sys/types.h>
#include <features.h>
#include <dirent.h>
#include <setjmp.h>
#include <stddef.h>
#include <stdint.h>
#include <unistd.h>
#include <sys/timeb.h>
#include <pdb.h>


int main(void){return 0;}

Determining if files sys/file.h;sys/ioctl.h;sys/resource.h;sys/socket.h;sys/stat.h;sys/time.h;sys/types.h;features.h;dirent.h;setjmp.h;stddef.h;stdint.h;unistd.h;sys/timeb.h;pthread.h;srbclient.h exist failed with the following output:
Change Dir: /home/csc/met-io-rs/met-io-rs/target/release/build/hdf5-src-a855198d21d93c8f/out/build/CMakeFiles/CMakeTmp

Run Build Command(s):/usr/bin/make cmTC_408b4/fast && /usr/bin/make  -f CMakeFiles/cmTC_408b4.dir/build.make CMakeFiles/cmTC_408b4.dir/build
make[1]: Entering directory '/home/csc/met-io-rs/met-io-rs/target/release/build/hdf5-src-a855198d21d93c8f/out/build/CMakeFiles/CMakeTmp'
Building C object CMakeFiles/cmTC_408b4.dir/H5_HAVE_SRBCLIENT_H.c.o
/usr/bin/cc   -ffunction-sections -fdata-sections -fPIC -m64  -o CMakeFiles/cmTC_408b4.dir/H5_HAVE_SRBCLIENT_H.c.o -c /home/csc/met-io-rs/met-io-rs/target/release/build/hdf5-src-a855198d21d93c8f/out/build/CMakeFiles/CheckIncludeFiles/H5_HAVE_SRBCLIENT_H.c
/home/csc/met-io-rs/met-io-rs/target/release/build/hdf5-src-a855198d21d93c8f/out/build/CMakeFiles/CheckIncludeFiles/H5_HAVE_SRBCLIENT_H.c:17:10: fatal error: srbclient.h: No such file or directory
 #include <srbclient.h>
          ^~~~~~~~~~~~~
compilation terminated.
CMakeFiles/cmTC_408b4.dir/build.make:84: recipe for target 'CMakeFiles/cmTC_408b4.dir/H5_HAVE_SRBCLIENT_H.c.o' failed
make[1]: *** [CMakeFiles/cmTC_408b4.dir/H5_HAVE_SRBCLIENT_H.c.o] Error 1
make[1]: Leaving directory '/home/csc/met-io-rs/met-io-rs/target/release/build/hdf5-src-a855198d21d93c8f/out/build/CMakeFiles/CMakeTmp'
Makefile:140: recipe for target 'cmTC_408b4/fast' failed
make: *** [cmTC_408b4/fast] Error 2


Source:
/* */
#include <sys/file.h>
#include <sys/ioctl.h>
#include <sys/resource.h>
#include <sys/socket.h>
#include <sys/stat.h>
#include <sys/time.h>
#include <sys/types.h>
#include <features.h>
#include <dirent.h>
#include <setjmp.h>
#include <stddef.h>
#include <stdint.h>
#include <unistd.h>
#include <sys/timeb.h>
#include <pthread.h>
#include <srbclient.h>


int main(void){return 0;}

Determining if the function WSAStartup exists in the ws2_32;m;dl failed with the following output:
Change Dir: /home/csc/met-io-rs/met-io-rs/target/release/build/hdf5-src-a855198d21d93c8f/out/build/CMakeFiles/CMakeTmp

Run Build Command(s):/usr/bin/make cmTC_60d4c/fast && /usr/bin/make  -f CMakeFiles/cmTC_60d4c.dir/build.make CMakeFiles/cmTC_60d4c.dir/build
make[1]: Entering directory '/home/csc/met-io-rs/met-io-rs/target/release/build/hdf5-src-a855198d21d93c8f/out/build/CMakeFiles/CMakeTmp'
Building C object CMakeFiles/cmTC_60d4c.dir/CheckFunctionExists.c.o
/usr/bin/cc   -ffunction-sections -fdata-sections -fPIC -m64 -DCHECK_FUNCTION_EXISTS=WSAStartup -o CMakeFiles/cmTC_60d4c.dir/CheckFunctionExists.c.o -c /usr/local/share/cmake-3.19/Modules/CheckFunctionExists.c
Linking C executable cmTC_60d4c
/usr/local/bin/cmake -E cmake_link_script CMakeFiles/cmTC_60d4c.dir/link.txt --verbose=1
/usr/bin/cc  -ffunction-sections -fdata-sections -fPIC -m64 -DCHECK_FUNCTION_EXISTS=WSAStartup CMakeFiles/cmTC_60d4c.dir/CheckFunctionExists.c.o -o cmTC_60d4c  -lws2_32 -lm -ldl 
/usr/bin/ld: cannot find -lws2_32
collect2: error: ld returned 1 exit status
CMakeFiles/cmTC_60d4c.dir/build.make:105: recipe for target 'cmTC_60d4c' failed
make[1]: *** [cmTC_60d4c] Error 1
make[1]: Leaving directory '/home/csc/met-io-rs/met-io-rs/target/release/build/hdf5-src-a855198d21d93c8f/out/build/CMakeFiles/CMakeTmp'
Makefile:140: recipe for target 'cmTC_60d4c/fast' failed
make: *** [cmTC_60d4c/fast] Error 2



Determining if the function gethostbyname exists in the wsock32;m;dl failed with the following output:
Change Dir: /home/csc/met-io-rs/met-io-rs/target/release/build/hdf5-src-a855198d21d93c8f/out/build/CMakeFiles/CMakeTmp

Run Build Command(s):/usr/bin/make cmTC_92606/fast && /usr/bin/make  -f CMakeFiles/cmTC_92606.dir/build.make CMakeFiles/cmTC_92606.dir/build
make[1]: Entering directory '/home/csc/met-io-rs/met-io-rs/target/release/build/hdf5-src-a855198d21d93c8f/out/build/CMakeFiles/CMakeTmp'
Building C object CMakeFiles/cmTC_92606.dir/CheckFunctionExists.c.o
/usr/bin/cc   -ffunction-sections -fdata-sections -fPIC -m64 -DCHECK_FUNCTION_EXISTS=gethostbyname -o CMakeFiles/cmTC_92606.dir/CheckFunctionExists.c.o -c /usr/local/share/cmake-3.19/Modules/CheckFunctionExists.c
Linking C executable cmTC_92606
/usr/local/bin/cmake -E cmake_link_script CMakeFiles/cmTC_92606.dir/link.txt --verbose=1
/usr/bin/cc  -ffunction-sections -fdata-sections -fPIC -m64 -DCHECK_FUNCTION_EXISTS=gethostbyname CMakeFiles/cmTC_92606.dir/CheckFunctionExists.c.o -o cmTC_92606  -lwsock32 -lm -ldl 
/usr/bin/ld: cannot find -lwsock32
collect2: error: ld returned 1 exit status
CMakeFiles/cmTC_92606.dir/build.make:105: recipe for target 'cmTC_92606' failed
make[1]: *** [cmTC_92606] Error 1
make[1]: Leaving directory '/home/csc/met-io-rs/met-io-rs/target/release/build/hdf5-src-a855198d21d93c8f/out/build/CMakeFiles/CMakeTmp'
Makefile:140: recipe for target 'cmTC_92606/fast' failed
make: *** [cmTC_92606/fast] Error 2



Determining if the function gethostname exists in the ucb;m;dl failed with the following output:
Change Dir: /home/csc/met-io-rs/met-io-rs/target/release/build/hdf5-src-a855198d21d93c8f/out/build/CMakeFiles/CMakeTmp

Run Build Command(s):/usr/bin/make cmTC_6d092/fast && /usr/bin/make  -f CMakeFiles/cmTC_6d092.dir/build.make CMakeFiles/cmTC_6d092.dir/build
make[1]: Entering directory '/home/csc/met-io-rs/met-io-rs/target/release/build/hdf5-src-a855198d21d93c8f/out/build/CMakeFiles/CMakeTmp'
Building C object CMakeFiles/cmTC_6d092.dir/CheckFunctionExists.c.o
/usr/bin/cc   -ffunction-sections -fdata-sections -fPIC -m64 -DCHECK_FUNCTION_EXISTS=gethostname -o CMakeFiles/cmTC_6d092.dir/CheckFunctionExists.c.o -c /usr/local/share/cmake-3.19/Modules/CheckFunctionExists.c
Linking C executable cmTC_6d092
/usr/local/bin/cmake -E cmake_link_script CMakeFiles/cmTC_6d092.dir/link.txt --verbose=1
/usr/bin/cc  -ffunction-sections -fdata-sections -fPIC -m64 -DCHECK_FUNCTION_EXISTS=gethostname CMakeFiles/cmTC_6d092.dir/CheckFunctionExists.c.o -o cmTC_6d092  -lucb -lm -ldl 
/usr/bin/ld: cannot find -lucb
collect2: error: ld returned 1 exit status
CMakeFiles/cmTC_6d092.dir/build.make:105: recipe for target 'cmTC_6d092' failed
make[1]: *** [cmTC_6d092] Error 1
make[1]: Leaving directory '/home/csc/met-io-rs/met-io-rs/target/release/build/hdf5-src-a855198d21d93c8f/out/build/CMakeFiles/CMakeTmp'
Makefile:140: recipe for target 'cmTC_6d092/fast' failed
make: *** [cmTC_6d092/fast] Error 2



Determining size of __int64 failed with the following output:
Change Dir: /home/csc/met-io-rs/met-io-rs/target/release/build/hdf5-src-a855198d21d93c8f/out/build/CMakeFiles/CMakeTmp

Run Build Command(s):/usr/bin/make cmTC_3503d/fast && /usr/bin/make  -f CMakeFiles/cmTC_3503d.dir/build.make CMakeFiles/cmTC_3503d.dir/build
make[1]: Entering directory '/home/csc/met-io-rs/met-io-rs/target/release/build/hdf5-src-a855198d21d93c8f/out/build/CMakeFiles/CMakeTmp'
Building C object CMakeFiles/cmTC_3503d.dir/H5_SIZEOF___INT64.c.o
/usr/bin/cc -D_FILE_OFFSET_BITS=64 -D_LARGEFILE64_SOURCE -D_LARGEFILE_SOURCE  -ffunction-sections -fdata-sections -fPIC -m64  -o CMakeFiles/cmTC_3503d.dir/H5_SIZEOF___INT64.c.o -c /home/csc/met-io-rs/met-io-rs/target/release/build/hdf5-src-a855198d21d93c8f/out/build/CMakeFiles/CheckTypeSize/H5_SIZEOF___INT64.c
/home/csc/met-io-rs/met-io-rs/target/release/build/hdf5-src-a855198d21d93c8f/out/build/CMakeFiles/CheckTypeSize/H5_SIZEOF___INT64.c:27:22: error: ‘__int64’ undeclared here (not in a function); did you mean ‘__int64_t’?
 #define SIZE (sizeof(__int64))
                      ^
/home/csc/met-io-rs/met-io-rs/target/release/build/hdf5-src-a855198d21d93c8f/out/build/CMakeFiles/CheckTypeSize/H5_SIZEOF___INT64.c:29:12: note: in expansion of macro ‘SIZE’
   ('0' + ((SIZE / 10000)%10)),
            ^~~~
CMakeFiles/cmTC_3503d.dir/build.make:84: recipe for target 'CMakeFiles/cmTC_3503d.dir/H5_SIZEOF___INT64.c.o' failed
make[1]: *** [CMakeFiles/cmTC_3503d.dir/H5_SIZEOF___INT64.c.o] Error 1
make[1]: Leaving directory '/home/csc/met-io-rs/met-io-rs/target/release/build/hdf5-src-a855198d21d93c8f/out/build/CMakeFiles/CMakeTmp'
Makefile:140: recipe for target 'cmTC_3503d/fast' failed
make: *** [cmTC_3503d/fast] Error 2


/home/csc/met-io-rs/met-io-rs/target/release/build/hdf5-src-a855198d21d93c8f/out/build/CMakeFiles/CheckTypeSize/H5_SIZEOF___INT64.c:
#include <sys/types.h>
#include <stdint.h>
#include <stddef.h>


#undef KEY
#if defined(__i386)
# define KEY '_','_','i','3','8','6'
#elif defined(__x86_64)
# define KEY '_','_','x','8','6','_','6','4'
#elif defined(__PPC64__)
# define KEY '_','_','P','P','C','6','4','_','_'
#elif defined(__ppc64__)
# define KEY '_','_','p','p','c','6','4','_','_'
#elif defined(__PPC__)
# define KEY '_','_','P','P','C','_','_'
#elif defined(__ppc__)
# define KEY '_','_','p','p','c','_','_'
#elif defined(__aarch64__)
# define KEY '_','_','a','a','r','c','h','6','4','_','_'
#elif defined(__ARM_ARCH_7A__)
# define KEY '_','_','A','R','M','_','A','R','C','H','_','7','A','_','_'
#elif defined(__ARM_ARCH_7S__)
# define KEY '_','_','A','R','M','_','A','R','C','H','_','7','S','_','_'
#endif

#define SIZE (sizeof(__int64))
static char info_size[] =  {'I', 'N', 'F', 'O', ':', 's','i','z','e','[',
  ('0' + ((SIZE / 10000)%10)),
  ('0' + ((SIZE / 1000)%10)),
  ('0' + ((SIZE / 100)%10)),
  ('0' + ((SIZE / 10)%10)),
  ('0' +  (SIZE    % 10)),
  ']',
#ifdef KEY
  ' ','k','e','y','[', KEY, ']',
#endif
  '\0'};

#ifdef __CLASSIC_C__
int main(argc, argv) int argc; char *argv[];
#else
int main(int argc, char *argv[])
#endif
{
  int require = 0;
  require += info_size[argc];
  (void)argv;
  return require;
}


Determining if the variable CLOCK_MONOTONIC exists failed with the following output:
Change Dir: /home/csc/met-io-rs/met-io-rs/target/release/build/hdf5-src-a855198d21d93c8f/out/build/CMakeFiles/CMakeTmp

Run Build Command(s):/usr/bin/make cmTC_b8963/fast && /usr/bin/make  -f CMakeFiles/cmTC_b8963.dir/build.make CMakeFiles/cmTC_b8963.dir/build
make[1]: Entering directory '/home/csc/met-io-rs/met-io-rs/target/release/build/hdf5-src-a855198d21d93c8f/out/build/CMakeFiles/CMakeTmp'
Building C object CMakeFiles/cmTC_b8963.dir/CheckVariableExists.c.o
/usr/bin/cc -D_FILE_OFFSET_BITS=64 -D_LARGEFILE64_SOURCE -D_LARGEFILE_SOURCE  -ffunction-sections -fdata-sections -fPIC -m64 -DCHECK_VARIABLE_EXISTS=CLOCK_MONOTONIC -o CMakeFiles/cmTC_b8963.dir/CheckVariableExists.c.o -c /usr/local/share/cmake-3.19/Modules/CheckVariableExists.c
Linking C executable cmTC_b8963
/usr/local/bin/cmake -E cmake_link_script CMakeFiles/cmTC_b8963.dir/link.txt --verbose=1
/usr/bin/cc  -ffunction-sections -fdata-sections -fPIC -m64 -DCHECK_VARIABLE_EXISTS=CLOCK_MONOTONIC CMakeFiles/cmTC_b8963.dir/CheckVariableExists.c.o -o cmTC_b8963 
CMakeFiles/cmTC_b8963.dir/CheckVariableExists.c.o: In function `main':
CheckVariableExists.c:(.text.main+0x26): undefined reference to `CLOCK_MONOTONIC'
collect2: error: ld returned 1 exit status
CMakeFiles/cmTC_b8963.dir/build.make:105: recipe for target 'cmTC_b8963' failed
make[1]: *** [cmTC_b8963] Error 1
make[1]: Leaving directory '/home/csc/met-io-rs/met-io-rs/target/release/build/hdf5-src-a855198d21d93c8f/out/build/CMakeFiles/CMakeTmp'
Makefile:140: recipe for target 'cmTC_b8963/fast' failed
make: *** [cmTC_b8963/fast] Error 2



Performing Other Test HAVE___TM_GMTOFF failed with the following output:
Change Dir: /home/csc/met-io-rs/met-io-rs/target/release/build/hdf5-src-a855198d21d93c8f/out/build/CMakeFiles/CMakeTmp

Run Build Command(s):/usr/bin/make cmTC_7a280/fast && /usr/bin/make  -f CMakeFiles/cmTC_7a280.dir/build.make CMakeFiles/cmTC_7a280.dir/build
make[1]: Entering directory '/home/csc/met-io-rs/met-io-rs/target/release/build/hdf5-src-a855198d21d93c8f/out/build/CMakeFiles/CMakeTmp'
Building C object CMakeFiles/cmTC_7a280.dir/HDFTests.c.o
/usr/bin/cc   -ffunction-sections -fdata-sections -fPIC -m64    -DHAVE___TM_GMTOFF  -DHAVE_SYS_TIME_H -DHAVE_UNISTD_H -DHAVE_SYS_TYPES_H -DHAVE_SYS_SOCKET_H -D_FILE_OFFSET_BITS=64 -D_LARGEFILE64_SOURCE -D_LARGEFILE_SOURCE -o CMakeFiles/cmTC_7a280.dir/HDFTests.c.o -c /home/csc/met-io-rs/met-io-rs/hdf5-rust/hdf5-src/ext/hdf5/config/cmake_ext_mod/HDFTests.c
/home/csc/met-io-rs/met-io-rs/hdf5-rust/hdf5-src/ext/hdf5/config/cmake_ext_mod/HDFTests.c: In function ‘main’:
/home/csc/met-io-rs/met-io-rs/hdf5-rust/hdf5-src/ext/hdf5/config/cmake_ext_mod/HDFTests.c:181:30: error: ‘struct tm’ has no member named ‘__tm_gmtoff’; did you mean ‘tm_gmtoff’?
 SIMPLE_TEST(struct tm tm; tm.__tm_gmtoff=0);
                              ^
/home/csc/met-io-rs/met-io-rs/hdf5-rust/hdf5-src/ext/hdf5/config/cmake_ext_mod/HDFTests.c:12:36: note: in definition of macro ‘SIMPLE_TEST’
 #define SIMPLE_TEST(x) int main(){ x; return 0; }
                                    ^
CMakeFiles/cmTC_7a280.dir/build.make:84: recipe for target 'CMakeFiles/cmTC_7a280.dir/HDFTests.c.o' failed
make[1]: *** [CMakeFiles/cmTC_7a280.dir/HDFTests.c.o] Error 1
make[1]: Leaving directory '/home/csc/met-io-rs/met-io-rs/target/release/build/hdf5-src-a855198d21d93c8f/out/build/CMakeFiles/CMakeTmp'
Makefile:140: recipe for target 'cmTC_7a280/fast' failed
make: *** [cmTC_7a280/fast] Error 2


Performing Other Test HAVE_TM_ZONE failed with the following output:
Change Dir: /home/csc/met-io-rs/met-io-rs/target/release/build/hdf5-src-a855198d21d93c8f/out/build/CMakeFiles/CMakeTmp

Run Build Command(s):/usr/bin/make cmTC_023bd/fast && /usr/bin/make  -f CMakeFiles/cmTC_023bd.dir/build.make CMakeFiles/cmTC_023bd.dir/build
make[1]: Entering directory '/home/csc/met-io-rs/met-io-rs/target/release/build/hdf5-src-a855198d21d93c8f/out/build/CMakeFiles/CMakeTmp'
Building C object CMakeFiles/cmTC_023bd.dir/HDFTests.c.o
/usr/bin/cc   -ffunction-sections -fdata-sections -fPIC -m64    -DHAVE_TM_ZONE  -DHAVE_SYS_TIME_H -DHAVE_UNISTD_H -DHAVE_SYS_TYPES_H -DHAVE_SYS_SOCKET_H -D_FILE_OFFSET_BITS=64 -D_LARGEFILE64_SOURCE -D_LARGEFILE_SOURCE -o CMakeFiles/cmTC_023bd.dir/HDFTests.c.o -c /home/csc/met-io-rs/met-io-rs/hdf5-rust/hdf5-src/ext/hdf5/config/cmake_ext_mod/HDFTests.c
Linking C executable cmTC_023bd
/usr/local/bin/cmake -E cmake_link_script CMakeFiles/cmTC_023bd.dir/link.txt --verbose=1
/usr/bin/cc  -ffunction-sections -fdata-sections -fPIC -m64  CMakeFiles/cmTC_023bd.dir/HDFTests.c.o -o cmTC_023bd  -lm -ldl 
/usr/lib/gcc/x86_64-linux-gnu/7/../../../x86_64-linux-gnu/Scrt1.o: In function `_start':
(.text+0x20): undefined reference to `main'
collect2: error: ld returned 1 exit status
CMakeFiles/cmTC_023bd.dir/build.make:105: recipe for target 'cmTC_023bd' failed
make[1]: *** [cmTC_023bd] Error 1
make[1]: Leaving directory '/home/csc/met-io-rs/met-io-rs/target/release/build/hdf5-src-a855198d21d93c8f/out/build/CMakeFiles/CMakeTmp'
Makefile:140: recipe for target 'cmTC_023bd/fast' failed
make: *** [cmTC_023bd/fast] Error 2


Performing Other Test HAVE_STRUCT_TM_TM_ZONE failed with the following output:
Change Dir: /home/csc/met-io-rs/met-io-rs/target/release/build/hdf5-src-a855198d21d93c8f/out/build/CMakeFiles/CMakeTmp

Run Build Command(s):/usr/bin/make cmTC_341ff/fast && /usr/bin/make  -f CMakeFiles/cmTC_341ff.dir/build.make CMakeFiles/cmTC_341ff.dir/build
make[1]: Entering directory '/home/csc/met-io-rs/met-io-rs/target/release/build/hdf5-src-a855198d21d93c8f/out/build/CMakeFiles/CMakeTmp'
Building C object CMakeFiles/cmTC_341ff.dir/HDFTests.c.o
/usr/bin/cc   -ffunction-sections -fdata-sections -fPIC -m64    -DHAVE_STRUCT_TM_TM_ZONE  -DHAVE_SYS_TIME_H -DHAVE_UNISTD_H -DHAVE_SYS_TYPES_H -DHAVE_SYS_SOCKET_H -D_FILE_OFFSET_BITS=64 -D_LARGEFILE64_SOURCE -D_LARGEFILE_SOURCE -o CMakeFiles/cmTC_341ff.dir/HDFTests.c.o -c /home/csc/met-io-rs/met-io-rs/hdf5-rust/hdf5-src/ext/hdf5/config/cmake_ext_mod/HDFTests.c
Linking C executable cmTC_341ff
/usr/local/bin/cmake -E cmake_link_script CMakeFiles/cmTC_341ff.dir/link.txt --verbose=1
/usr/bin/cc  -ffunction-sections -fdata-sections -fPIC -m64  CMakeFiles/cmTC_341ff.dir/HDFTests.c.o -o cmTC_341ff  -lm -ldl 
/usr/lib/gcc/x86_64-linux-gnu/7/../../../x86_64-linux-gnu/Scrt1.o: In function `_start':
(.text+0x20): undefined reference to `main'
collect2: error: ld returned 1 exit status
CMakeFiles/cmTC_341ff.dir/build.make:105: recipe for target 'cmTC_341ff' failed
make[1]: *** [cmTC_341ff] Error 1
make[1]: Leaving directory '/home/csc/met-io-rs/met-io-rs/target/release/build/hdf5-src-a855198d21d93c8f/out/build/CMakeFiles/CMakeTmp'
Makefile:140: recipe for target 'cmTC_341ff/fast' failed
make: *** [cmTC_341ff/fast] Error 2


Performing Other Test HAVE_STRUCT_VIDEOCONFIG failed with the following output:
Change Dir: /home/csc/met-io-rs/met-io-rs/target/release/build/hdf5-src-a855198d21d93c8f/out/build/CMakeFiles/CMakeTmp

Run Build Command(s):/usr/bin/make cmTC_6f3a4/fast && /usr/bin/make  -f CMakeFiles/cmTC_6f3a4.dir/build.make CMakeFiles/cmTC_6f3a4.dir/build
make[1]: Entering directory '/home/csc/met-io-rs/met-io-rs/target/release/build/hdf5-src-a855198d21d93c8f/out/build/CMakeFiles/CMakeTmp'
Building C object CMakeFiles/cmTC_6f3a4.dir/HDFTests.c.o
/usr/bin/cc   -ffunction-sections -fdata-sections -fPIC -m64    -DHAVE_STRUCT_VIDEOCONFIG  -DHAVE_SYS_TIME_H -DHAVE_UNISTD_H -DHAVE_SYS_TYPES_H -DHAVE_SYS_SOCKET_H -D_FILE_OFFSET_BITS=64 -D_LARGEFILE64_SOURCE -D_LARGEFILE_SOURCE -o CMakeFiles/cmTC_6f3a4.dir/HDFTests.c.o -c /home/csc/met-io-rs/met-io-rs/hdf5-rust/hdf5-src/ext/hdf5/config/cmake_ext_mod/HDFTests.c
/home/csc/met-io-rs/met-io-rs/hdf5-rust/hdf5-src/ext/hdf5/config/cmake_ext_mod/HDFTests.c: In function ‘main’:
/home/csc/met-io-rs/met-io-rs/hdf5-rust/hdf5-src/ext/hdf5/config/cmake_ext_mod/HDFTests.c:437:32: error: storage size of ‘w’ isn’t known
 SIMPLE_TEST(struct videoconfig w; w.numtextcols=0);
                                ^
/home/csc/met-io-rs/met-io-rs/hdf5-rust/hdf5-src/ext/hdf5/config/cmake_ext_mod/HDFTests.c:12:36: note: in definition of macro ‘SIMPLE_TEST’
 #define SIMPLE_TEST(x) int main(){ x; return 0; }
                                    ^
CMakeFiles/cmTC_6f3a4.dir/build.make:84: recipe for target 'CMakeFiles/cmTC_6f3a4.dir/HDFTests.c.o' failed
make[1]: *** [CMakeFiles/cmTC_6f3a4.dir/HDFTests.c.o] Error 1
make[1]: Leaving directory '/home/csc/met-io-rs/met-io-rs/target/release/build/hdf5-src-a855198d21d93c8f/out/build/CMakeFiles/CMakeTmp'
Makefile:140: recipe for target 'cmTC_6f3a4/fast' failed
make: *** [cmTC_6f3a4/fast] Error 2


Performing Other Test HAVE_STRUCT_TEXT_INFO failed with the following output:
Change Dir: /home/csc/met-io-rs/met-io-rs/target/release/build/hdf5-src-a855198d21d93c8f/out/build/CMakeFiles/CMakeTmp

Run Build Command(s):/usr/bin/make cmTC_acae4/fast && /usr/bin/make  -f CMakeFiles/cmTC_acae4.dir/build.make CMakeFiles/cmTC_acae4.dir/build
make[1]: Entering directory '/home/csc/met-io-rs/met-io-rs/target/release/build/hdf5-src-a855198d21d93c8f/out/build/CMakeFiles/CMakeTmp'
Building C object CMakeFiles/cmTC_acae4.dir/HDFTests.c.o
/usr/bin/cc   -ffunction-sections -fdata-sections -fPIC -m64    -DHAVE_STRUCT_TEXT_INFO  -DHAVE_SYS_TIME_H -DHAVE_UNISTD_H -DHAVE_SYS_TYPES_H -DHAVE_SYS_SOCKET_H -D_FILE_OFFSET_BITS=64 -D_LARGEFILE64_SOURCE -D_LARGEFILE_SOURCE -o CMakeFiles/cmTC_acae4.dir/HDFTests.c.o -c /home/csc/met-io-rs/met-io-rs/hdf5-rust/hdf5-src/ext/hdf5/config/cmake_ext_mod/HDFTests.c
/home/csc/met-io-rs/met-io-rs/hdf5-rust/hdf5-src/ext/hdf5/config/cmake_ext_mod/HDFTests.c: In function ‘main’:
/home/csc/met-io-rs/met-io-rs/hdf5-rust/hdf5-src/ext/hdf5/config/cmake_ext_mod/HDFTests.c:443:30: error: storage size of ‘w’ isn’t known
 SIMPLE_TEST(struct text_info w; w.screenwidth=0);
                              ^
/home/csc/met-io-rs/met-io-rs/hdf5-rust/hdf5-src/ext/hdf5/config/cmake_ext_mod/HDFTests.c:12:36: note: in definition of macro ‘SIMPLE_TEST’
 #define SIMPLE_TEST(x) int main(){ x; return 0; }
                                    ^
CMakeFiles/cmTC_acae4.dir/build.make:84: recipe for target 'CMakeFiles/cmTC_acae4.dir/HDFTests.c.o' failed
make[1]: *** [CMakeFiles/cmTC_acae4.dir/HDFTests.c.o] Error 1
make[1]: Leaving directory '/home/csc/met-io-rs/met-io-rs/target/release/build/hdf5-src-a855198d21d93c8f/out/build/CMakeFiles/CMakeTmp'
Makefile:140: recipe for target 'cmTC_acae4/fast' failed
make: *** [cmTC_acae4/fast] Error 2


Determining if the function _getvideoconfig exists failed with the following output:
Change Dir: /home/csc/met-io-rs/met-io-rs/target/release/build/hdf5-src-a855198d21d93c8f/out/build/CMakeFiles/CMakeTmp

Run Build Command(s):/usr/bin/make cmTC_1d136/fast && /usr/bin/make  -f CMakeFiles/cmTC_1d136.dir/build.make CMakeFiles/cmTC_1d136.dir/build
make[1]: Entering directory '/home/csc/met-io-rs/met-io-rs/target/release/build/hdf5-src-a855198d21d93c8f/out/build/CMakeFiles/CMakeTmp'
Building C object CMakeFiles/cmTC_1d136.dir/CheckFunctionExists.c.o
/usr/bin/cc -D_FILE_OFFSET_BITS=64 -D_LARGEFILE64_SOURCE -D_LARGEFILE_SOURCE  -ffunction-sections -fdata-sections -fPIC -m64 -DCHECK_FUNCTION_EXISTS=_getvideoconfig -o CMakeFiles/cmTC_1d136.dir/CheckFunctionExists.c.o -c /usr/local/share/cmake-3.19/Modules/CheckFunctionExists.c
Linking C executable cmTC_1d136
/usr/local/bin/cmake -E cmake_link_script CMakeFiles/cmTC_1d136.dir/link.txt --verbose=1
/usr/bin/cc  -ffunction-sections -fdata-sections -fPIC -m64 -DCHECK_FUNCTION_EXISTS=_getvideoconfig CMakeFiles/cmTC_1d136.dir/CheckFunctionExists.c.o -o cmTC_1d136 
CMakeFiles/cmTC_1d136.dir/CheckFunctionExists.c.o: In function `main':
CheckFunctionExists.c:(.text.main+0x10): undefined reference to `_getvideoconfig'
collect2: error: ld returned 1 exit status
CMakeFiles/cmTC_1d136.dir/build.make:105: recipe for target 'cmTC_1d136' failed
make[1]: *** [cmTC_1d136] Error 1
make[1]: Leaving directory '/home/csc/met-io-rs/met-io-rs/target/release/build/hdf5-src-a855198d21d93c8f/out/build/CMakeFiles/CMakeTmp'
Makefile:140: recipe for target 'cmTC_1d136/fast' failed
make: *** [cmTC_1d136/fast] Error 2



Determining if the function gettextinfo exists failed with the following output:
Change Dir: /home/csc/met-io-rs/met-io-rs/target/release/build/hdf5-src-a855198d21d93c8f/out/build/CMakeFiles/CMakeTmp

Run Build Command(s):/usr/bin/make cmTC_33095/fast && /usr/bin/make  -f CMakeFiles/cmTC_33095.dir/build.make CMakeFiles/cmTC_33095.dir/build
make[1]: Entering directory '/home/csc/met-io-rs/met-io-rs/target/release/build/hdf5-src-a855198d21d93c8f/out/build/CMakeFiles/CMakeTmp'
Building C object CMakeFiles/cmTC_33095.dir/CheckFunctionExists.c.o
/usr/bin/cc -D_FILE_OFFSET_BITS=64 -D_LARGEFILE64_SOURCE -D_LARGEFILE_SOURCE  -ffunction-sections -fdata-sections -fPIC -m64 -DCHECK_FUNCTION_EXISTS=gettextinfo -o CMakeFiles/cmTC_33095.dir/CheckFunctionExists.c.o -c /usr/local/share/cmake-3.19/Modules/CheckFunctionExists.c
Linking C executable cmTC_33095
/usr/local/bin/cmake -E cmake_link_script CMakeFiles/cmTC_33095.dir/link.txt --verbose=1
/usr/bin/cc  -ffunction-sections -fdata-sections -fPIC -m64 -DCHECK_FUNCTION_EXISTS=gettextinfo CMakeFiles/cmTC_33095.dir/CheckFunctionExists.c.o -o cmTC_33095 
CMakeFiles/cmTC_33095.dir/CheckFunctionExists.c.o: In function `main':
CheckFunctionExists.c:(.text.main+0x10): undefined reference to `gettextinfo'
collect2: error: ld returned 1 exit status
CMakeFiles/cmTC_33095.dir/build.make:105: recipe for target 'cmTC_33095' failed
make[1]: *** [cmTC_33095] Error 1
make[1]: Leaving directory '/home/csc/met-io-rs/met-io-rs/target/release/build/hdf5-src-a855198d21d93c8f/out/build/CMakeFiles/CMakeTmp'
Makefile:140: recipe for target 'cmTC_33095/fast' failed
make: *** [cmTC_33095/fast] Error 2



Determining if the function _scrsize exists failed with the following output:
Change Dir: /home/csc/met-io-rs/met-io-rs/target/release/build/hdf5-src-a855198d21d93c8f/out/build/CMakeFiles/CMakeTmp

Run Build Command(s):/usr/bin/make cmTC_aeee1/fast && /usr/bin/make  -f CMakeFiles/cmTC_aeee1.dir/build.make CMakeFiles/cmTC_aeee1.dir/build
make[1]: Entering directory '/home/csc/met-io-rs/met-io-rs/target/release/build/hdf5-src-a855198d21d93c8f/out/build/CMakeFiles/CMakeTmp'
Building C object CMakeFiles/cmTC_aeee1.dir/CheckFunctionExists.c.o
/usr/bin/cc -D_FILE_OFFSET_BITS=64 -D_LARGEFILE64_SOURCE -D_LARGEFILE_SOURCE  -ffunction-sections -fdata-sections -fPIC -m64 -DCHECK_FUNCTION_EXISTS=_scrsize -o CMakeFiles/cmTC_aeee1.dir/CheckFunctionExists.c.o -c /usr/local/share/cmake-3.19/Modules/CheckFunctionExists.c
Linking C executable cmTC_aeee1
/usr/local/bin/cmake -E cmake_link_script CMakeFiles/cmTC_aeee1.dir/link.txt --verbose=1
/usr/bin/cc  -ffunction-sections -fdata-sections -fPIC -m64 -DCHECK_FUNCTION_EXISTS=_scrsize CMakeFiles/cmTC_aeee1.dir/CheckFunctionExists.c.o -o cmTC_aeee1 
CMakeFiles/cmTC_aeee1.dir/CheckFunctionExists.c.o: In function `main':
CheckFunctionExists.c:(.text.main+0x10): undefined reference to `_scrsize'
collect2: error: ld returned 1 exit status
CMakeFiles/cmTC_aeee1.dir/build.make:105: recipe for target 'cmTC_aeee1' failed
make[1]: *** [cmTC_aeee1] Error 1
make[1]: Leaving directory '/home/csc/met-io-rs/met-io-rs/target/release/build/hdf5-src-a855198d21d93c8f/out/build/CMakeFiles/CMakeTmp'
Makefile:140: recipe for target 'cmTC_aeee1/fast' failed
make: *** [cmTC_aeee1/fast] Error 2



Determining if the function GetConsoleScreenBufferInfo exists failed with the following output:
Change Dir: /home/csc/met-io-rs/met-io-rs/target/release/build/hdf5-src-a855198d21d93c8f/out/build/CMakeFiles/CMakeTmp

Run Build Command(s):/usr/bin/make cmTC_ef1e3/fast && /usr/bin/make  -f CMakeFiles/cmTC_ef1e3.dir/build.make CMakeFiles/cmTC_ef1e3.dir/build
make[1]: Entering directory '/home/csc/met-io-rs/met-io-rs/target/release/build/hdf5-src-a855198d21d93c8f/out/build/CMakeFiles/CMakeTmp'
Building C object CMakeFiles/cmTC_ef1e3.dir/CheckFunctionExists.c.o
/usr/bin/cc -D_FILE_OFFSET_BITS=64 -D_LARGEFILE64_SOURCE -D_LARGEFILE_SOURCE  -ffunction-sections -fdata-sections -fPIC -m64 -DCHECK_FUNCTION_EXISTS=GetConsoleScreenBufferInfo -o CMakeFiles/cmTC_ef1e3.dir/CheckFunctionExists.c.o -c /usr/local/share/cmake-3.19/Modules/CheckFunctionExists.c
Linking C executable cmTC_ef1e3
/usr/local/bin/cmake -E cmake_link_script CMakeFiles/cmTC_ef1e3.dir/link.txt --verbose=1
/usr/bin/cc  -ffunction-sections -fdata-sections -fPIC -m64 -DCHECK_FUNCTION_EXISTS=GetConsoleScreenBufferInfo CMakeFiles/cmTC_ef1e3.dir/CheckFunctionExists.c.o -o cmTC_ef1e3 
CMakeFiles/cmTC_ef1e3.dir/CheckFunctionExists.c.o: In function `main':
CheckFunctionExists.c:(.text.main+0x10): undefined reference to `GetConsoleScreenBufferInfo'
collect2: error: ld returned 1 exit status
CMakeFiles/cmTC_ef1e3.dir/build.make:105: recipe for target 'cmTC_ef1e3' failed
make[1]: *** [cmTC_ef1e3] Error 1
make[1]: Leaving directory '/home/csc/met-io-rs/met-io-rs/target/release/build/hdf5-src-a855198d21d93c8f/out/build/CMakeFiles/CMakeTmp'
Makefile:140: recipe for target 'cmTC_ef1e3/fast' failed
make: *** [cmTC_ef1e3/fast] Error 2



Determining if the function llround exists failed with the following output:
Change Dir: /home/csc/met-io-rs/met-io-rs/target/release/build/hdf5-src-a855198d21d93c8f/out/build/CMakeFiles/CMakeTmp

Run Build Command(s):/usr/bin/make cmTC_ec170/fast && /usr/bin/make  -f CMakeFiles/cmTC_ec170.dir/build.make CMakeFiles/cmTC_ec170.dir/build
make[1]: Entering directory '/home/csc/met-io-rs/met-io-rs/target/release/build/hdf5-src-a855198d21d93c8f/out/build/CMakeFiles/CMakeTmp'
Building C object CMakeFiles/cmTC_ec170.dir/CheckFunctionExists.c.o
/usr/bin/cc -D_FILE_OFFSET_BITS=64 -D_LARGEFILE64_SOURCE -D_LARGEFILE_SOURCE  -ffunction-sections -fdata-sections -fPIC -m64 -DCHECK_FUNCTION_EXISTS=llround -o CMakeFiles/cmTC_ec170.dir/CheckFunctionExists.c.o -c /usr/local/share/cmake-3.19/Modules/CheckFunctionExists.c
<command-line>:0:23: warning: conflicting types for built-in function ‘llround’ [-Wbuiltin-declaration-mismatch]
/usr/local/share/cmake-3.19/Modules/CheckFunctionExists.c:7:3: note: in expansion of macro ‘CHECK_FUNCTION_EXISTS’
   CHECK_FUNCTION_EXISTS(void);
   ^~~~~~~~~~~~~~~~~~~~~
Linking C executable cmTC_ec170
/usr/local/bin/cmake -E cmake_link_script CMakeFiles/cmTC_ec170.dir/link.txt --verbose=1
/usr/bin/cc  -ffunction-sections -fdata-sections -fPIC -m64 -DCHECK_FUNCTION_EXISTS=llround CMakeFiles/cmTC_ec170.dir/CheckFunctionExists.c.o -o cmTC_ec170 
CMakeFiles/cmTC_ec170.dir/CheckFunctionExists.c.o: In function `main':
CheckFunctionExists.c:(.text.main+0x10): undefined reference to `llround'
collect2: error: ld returned 1 exit status
CMakeFiles/cmTC_ec170.dir/build.make:105: recipe for target 'cmTC_ec170' failed
make[1]: *** [cmTC_ec170] Error 1
make[1]: Leaving directory '/home/csc/met-io-rs/met-io-rs/target/release/build/hdf5-src-a855198d21d93c8f/out/build/CMakeFiles/CMakeTmp'
Makefile:140: recipe for target 'cmTC_ec170/fast' failed
make: *** [cmTC_ec170/fast] Error 2



Determining if the function llroundf exists failed with the following output:
Change Dir: /home/csc/met-io-rs/met-io-rs/target/release/build/hdf5-src-a855198d21d93c8f/out/build/CMakeFiles/CMakeTmp

Run Build Command(s):/usr/bin/make cmTC_ab29f/fast && /usr/bin/make  -f CMakeFiles/cmTC_ab29f.dir/build.make CMakeFiles/cmTC_ab29f.dir/build
make[1]: Entering directory '/home/csc/met-io-rs/met-io-rs/target/release/build/hdf5-src-a855198d21d93c8f/out/build/CMakeFiles/CMakeTmp'
Building C object CMakeFiles/cmTC_ab29f.dir/CheckFunctionExists.c.o
/usr/bin/cc -D_FILE_OFFSET_BITS=64 -D_LARGEFILE64_SOURCE -D_LARGEFILE_SOURCE  -ffunction-sections -fdata-sections -fPIC -m64 -DCHECK_FUNCTION_EXISTS=llroundf -o CMakeFiles/cmTC_ab29f.dir/CheckFunctionExists.c.o -c /usr/local/share/cmake-3.19/Modules/CheckFunctionExists.c
<command-line>:0:23: warning: conflicting types for built-in function ‘llroundf’ [-Wbuiltin-declaration-mismatch]
/usr/local/share/cmake-3.19/Modules/CheckFunctionExists.c:7:3: note: in expansion of macro ‘CHECK_FUNCTION_EXISTS’
   CHECK_FUNCTION_EXISTS(void);
   ^~~~~~~~~~~~~~~~~~~~~
Linking C executable cmTC_ab29f
/usr/local/bin/cmake -E cmake_link_script CMakeFiles/cmTC_ab29f.dir/link.txt --verbose=1
/usr/bin/cc  -ffunction-sections -fdata-sections -fPIC -m64 -DCHECK_FUNCTION_EXISTS=llroundf CMakeFiles/cmTC_ab29f.dir/CheckFunctionExists.c.o -o cmTC_ab29f 
CMakeFiles/cmTC_ab29f.dir/CheckFunctionExists.c.o: In function `main':
CheckFunctionExists.c:(.text.main+0x10): undefined reference to `llroundf'
collect2: error: ld returned 1 exit status
CMakeFiles/cmTC_ab29f.dir/build.make:105: recipe for target 'cmTC_ab29f' failed
make[1]: *** [cmTC_ab29f] Error 1
make[1]: Leaving directory '/home/csc/met-io-rs/met-io-rs/target/release/build/hdf5-src-a855198d21d93c8f/out/build/CMakeFiles/CMakeTmp'
Makefile:140: recipe for target 'cmTC_ab29f/fast' failed
make: *** [cmTC_ab29f/fast] Error 2



Determining if the function lround exists failed with the following output:
Change Dir: /home/csc/met-io-rs/met-io-rs/target/release/build/hdf5-src-a855198d21d93c8f/out/build/CMakeFiles/CMakeTmp

Run Build Command(s):/usr/bin/make cmTC_e5854/fast && /usr/bin/make  -f CMakeFiles/cmTC_e5854.dir/build.make CMakeFiles/cmTC_e5854.dir/build
make[1]: Entering directory '/home/csc/met-io-rs/met-io-rs/target/release/build/hdf5-src-a855198d21d93c8f/out/build/CMakeFiles/CMakeTmp'
Building C object CMakeFiles/cmTC_e5854.dir/CheckFunctionExists.c.o
/usr/bin/cc -D_FILE_OFFSET_BITS=64 -D_LARGEFILE64_SOURCE -D_LARGEFILE_SOURCE  -ffunction-sections -fdata-sections -fPIC -m64 -DCHECK_FUNCTION_EXISTS=lround -o CMakeFiles/cmTC_e5854.dir/CheckFunctionExists.c.o -c /usr/local/share/cmake-3.19/Modules/CheckFunctionExists.c
<command-line>:0:23: warning: conflicting types for built-in function ‘lround’ [-Wbuiltin-declaration-mismatch]
/usr/local/share/cmake-3.19/Modules/CheckFunctionExists.c:7:3: note: in expansion of macro ‘CHECK_FUNCTION_EXISTS’
   CHECK_FUNCTION_EXISTS(void);
   ^~~~~~~~~~~~~~~~~~~~~
Linking C executable cmTC_e5854
/usr/local/bin/cmake -E cmake_link_script CMakeFiles/cmTC_e5854.dir/link.txt --verbose=1
/usr/bin/cc  -ffunction-sections -fdata-sections -fPIC -m64 -DCHECK_FUNCTION_EXISTS=lround CMakeFiles/cmTC_e5854.dir/CheckFunctionExists.c.o -o cmTC_e5854 
CMakeFiles/cmTC_e5854.dir/CheckFunctionExists.c.o: In function `main':
CheckFunctionExists.c:(.text.main+0x10): undefined reference to `lround'
collect2: error: ld returned 1 exit status
CMakeFiles/cmTC_e5854.dir/build.make:105: recipe for target 'cmTC_e5854' failed
make[1]: *** [cmTC_e5854] Error 1
make[1]: Leaving directory '/home/csc/met-io-rs/met-io-rs/target/release/build/hdf5-src-a855198d21d93c8f/out/build/CMakeFiles/CMakeTmp'
Makefile:140: recipe for target 'cmTC_e5854/fast' failed
make: *** [cmTC_e5854/fast] Error 2



Determining if the function lroundf exists failed with the following output:
Change Dir: /home/csc/met-io-rs/met-io-rs/target/release/build/hdf5-src-a855198d21d93c8f/out/build/CMakeFiles/CMakeTmp

Run Build Command(s):/usr/bin/make cmTC_22d9e/fast && /usr/bin/make  -f CMakeFiles/cmTC_22d9e.dir/build.make CMakeFiles/cmTC_22d9e.dir/build
make[1]: Entering directory '/home/csc/met-io-rs/met-io-rs/target/release/build/hdf5-src-a855198d21d93c8f/out/build/CMakeFiles/CMakeTmp'
Building C object CMakeFiles/cmTC_22d9e.dir/CheckFunctionExists.c.o
/usr/bin/cc -D_FILE_OFFSET_BITS=64 -D_LARGEFILE64_SOURCE -D_LARGEFILE_SOURCE  -ffunction-sections -fdata-sections -fPIC -m64 -DCHECK_FUNCTION_EXISTS=lroundf -o CMakeFiles/cmTC_22d9e.dir/CheckFunctionExists.c.o -c /usr/local/share/cmake-3.19/Modules/CheckFunctionExists.c
<command-line>:0:23: warning: conflicting types for built-in function ‘lroundf’ [-Wbuiltin-declaration-mismatch]
/usr/local/share/cmake-3.19/Modules/CheckFunctionExists.c:7:3: note: in expansion of macro ‘CHECK_FUNCTION_EXISTS’
   CHECK_FUNCTION_EXISTS(void);
   ^~~~~~~~~~~~~~~~~~~~~
Linking C executable cmTC_22d9e
/usr/local/bin/cmake -E cmake_link_script CMakeFiles/cmTC_22d9e.dir/link.txt --verbose=1
/usr/bin/cc  -ffunction-sections -fdata-sections -fPIC -m64 -DCHECK_FUNCTION_EXISTS=lroundf CMakeFiles/cmTC_22d9e.dir/CheckFunctionExists.c.o -o cmTC_22d9e 
CMakeFiles/cmTC_22d9e.dir/CheckFunctionExists.c.o: In function `main':
CheckFunctionExists.c:(.text.main+0x10): undefined reference to `lroundf'
collect2: error: ld returned 1 exit status
CMakeFiles/cmTC_22d9e.dir/build.make:105: recipe for target 'cmTC_22d9e' failed
make[1]: *** [cmTC_22d9e] Error 1
make[1]: Leaving directory '/home/csc/met-io-rs/met-io-rs/target/release/build/hdf5-src-a855198d21d93c8f/out/build/CMakeFiles/CMakeTmp'
Makefile:140: recipe for target 'cmTC_22d9e/fast' failed
make: *** [cmTC_22d9e/fast] Error 2



Determining if the function round exists failed with the following output:
Change Dir: /home/csc/met-io-rs/met-io-rs/target/release/build/hdf5-src-a855198d21d93c8f/out/build/CMakeFiles/CMakeTmp

Run Build Command(s):/usr/bin/make cmTC_34181/fast && /usr/bin/make  -f CMakeFiles/cmTC_34181.dir/build.make CMakeFiles/cmTC_34181.dir/build
make[1]: Entering directory '/home/csc/met-io-rs/met-io-rs/target/release/build/hdf5-src-a855198d21d93c8f/out/build/CMakeFiles/CMakeTmp'
Building C object CMakeFiles/cmTC_34181.dir/CheckFunctionExists.c.o
/usr/bin/cc -D_FILE_OFFSET_BITS=64 -D_LARGEFILE64_SOURCE -D_LARGEFILE_SOURCE  -ffunction-sections -fdata-sections -fPIC -m64 -DCHECK_FUNCTION_EXISTS=round -o CMakeFiles/cmTC_34181.dir/CheckFunctionExists.c.o -c /usr/local/share/cmake-3.19/Modules/CheckFunctionExists.c
<command-line>:0:23: warning: conflicting types for built-in function ‘round’ [-Wbuiltin-declaration-mismatch]
/usr/local/share/cmake-3.19/Modules/CheckFunctionExists.c:7:3: note: in expansion of macro ‘CHECK_FUNCTION_EXISTS’
   CHECK_FUNCTION_EXISTS(void);
   ^~~~~~~~~~~~~~~~~~~~~
Linking C executable cmTC_34181
/usr/local/bin/cmake -E cmake_link_script CMakeFiles/cmTC_34181.dir/link.txt --verbose=1
/usr/bin/cc  -ffunction-sections -fdata-sections -fPIC -m64 -DCHECK_FUNCTION_EXISTS=round CMakeFiles/cmTC_34181.dir/CheckFunctionExists.c.o -o cmTC_34181 
CMakeFiles/cmTC_34181.dir/CheckFunctionExists.c.o: In function `main':
CheckFunctionExists.c:(.text.main+0x10): undefined reference to `round'
collect2: error: ld returned 1 exit status
CMakeFiles/cmTC_34181.dir/build.make:105: recipe for target 'cmTC_34181' failed
make[1]: *** [cmTC_34181] Error 1
make[1]: Leaving directory '/home/csc/met-io-rs/met-io-rs/target/release/build/hdf5-src-a855198d21d93c8f/out/build/CMakeFiles/CMakeTmp'
Makefile:140: recipe for target 'cmTC_34181/fast' failed
make: *** [cmTC_34181/fast] Error 2



Determining if the function roundf exists failed with the following output:
Change Dir: /home/csc/met-io-rs/met-io-rs/target/release/build/hdf5-src-a855198d21d93c8f/out/build/CMakeFiles/CMakeTmp

Run Build Command(s):/usr/bin/make cmTC_80034/fast && /usr/bin/make  -f CMakeFiles/cmTC_80034.dir/build.make CMakeFiles/cmTC_80034.dir/build
make[1]: Entering directory '/home/csc/met-io-rs/met-io-rs/target/release/build/hdf5-src-a855198d21d93c8f/out/build/CMakeFiles/CMakeTmp'
Building C object CMakeFiles/cmTC_80034.dir/CheckFunctionExists.c.o
/usr/bin/cc -D_FILE_OFFSET_BITS=64 -D_LARGEFILE64_SOURCE -D_LARGEFILE_SOURCE  -ffunction-sections -fdata-sections -fPIC -m64 -DCHECK_FUNCTION_EXISTS=roundf -o CMakeFiles/cmTC_80034.dir/CheckFunctionExists.c.o -c /usr/local/share/cmake-3.19/Modules/CheckFunctionExists.c
<command-line>:0:23: warning: conflicting types for built-in function ‘roundf’ [-Wbuiltin-declaration-mismatch]
/usr/local/share/cmake-3.19/Modules/CheckFunctionExists.c:7:3: note: in expansion of macro ‘CHECK_FUNCTION_EXISTS’
   CHECK_FUNCTION_EXISTS(void);
   ^~~~~~~~~~~~~~~~~~~~~
Linking C executable cmTC_80034
/usr/local/bin/cmake -E cmake_link_script CMakeFiles/cmTC_80034.dir/link.txt --verbose=1
/usr/bin/cc  -ffunction-sections -fdata-sections -fPIC -m64 -DCHECK_FUNCTION_EXISTS=roundf CMakeFiles/cmTC_80034.dir/CheckFunctionExists.c.o -o cmTC_80034 
CMakeFiles/cmTC_80034.dir/CheckFunctionExists.c.o: In function `main':
CheckFunctionExists.c:(.text.main+0x10): undefined reference to `roundf'
collect2: error: ld returned 1 exit status
CMakeFiles/cmTC_80034.dir/build.make:105: recipe for target 'cmTC_80034' failed
make[1]: *** [cmTC_80034] Error 1
make[1]: Leaving directory '/home/csc/met-io-rs/met-io-rs/target/release/build/hdf5-src-a855198d21d93c8f/out/build/CMakeFiles/CMakeTmp'
Makefile:140: recipe for target 'cmTC_80034/fast' failed
make: *** [cmTC_80034/fast] Error 2



Determining if the function setsysinfo exists failed with the following output:
Change Dir: /home/csc/met-io-rs/met-io-rs/target/release/build/hdf5-src-a855198d21d93c8f/out/build/CMakeFiles/CMakeTmp

Run Build Command(s):/usr/bin/make cmTC_bb6e2/fast && /usr/bin/make  -f CMakeFiles/cmTC_bb6e2.dir/build.make CMakeFiles/cmTC_bb6e2.dir/build
make[1]: Entering directory '/home/csc/met-io-rs/met-io-rs/target/release/build/hdf5-src-a855198d21d93c8f/out/build/CMakeFiles/CMakeTmp'
Building C object CMakeFiles/cmTC_bb6e2.dir/CheckFunctionExists.c.o
/usr/bin/cc -D_FILE_OFFSET_BITS=64 -D_LARGEFILE64_SOURCE -D_LARGEFILE_SOURCE  -ffunction-sections -fdata-sections -fPIC -m64 -DCHECK_FUNCTION_EXISTS=setsysinfo -o CMakeFiles/cmTC_bb6e2.dir/CheckFunctionExists.c.o -c /usr/local/share/cmake-3.19/Modules/CheckFunctionExists.c
Linking C executable cmTC_bb6e2
/usr/local/bin/cmake -E cmake_link_script CMakeFiles/cmTC_bb6e2.dir/link.txt --verbose=1
/usr/bin/cc  -ffunction-sections -fdata-sections -fPIC -m64 -DCHECK_FUNCTION_EXISTS=setsysinfo CMakeFiles/cmTC_bb6e2.dir/CheckFunctionExists.c.o -o cmTC_bb6e2 
CMakeFiles/cmTC_bb6e2.dir/CheckFunctionExists.c.o: In function `main':
CheckFunctionExists.c:(.text.main+0x10): undefined reference to `setsysinfo'
collect2: error: ld returned 1 exit status
CMakeFiles/cmTC_bb6e2.dir/build.make:105: recipe for target 'cmTC_bb6e2' failed
make[1]: *** [cmTC_bb6e2] Error 1
make[1]: Leaving directory '/home/csc/met-io-rs/met-io-rs/target/release/build/hdf5-src-a855198d21d93c8f/out/build/CMakeFiles/CMakeTmp'
Makefile:140: recipe for target 'cmTC_bb6e2/fast' failed
make: *** [cmTC_bb6e2/fast] Error 2



Determining if the function sigsetjmp exists failed with the following output:
Change Dir: /home/csc/met-io-rs/met-io-rs/target/release/build/hdf5-src-a855198d21d93c8f/out/build/CMakeFiles/CMakeTmp

Run Build Command(s):/usr/bin/make cmTC_50c4d/fast && /usr/bin/make  -f CMakeFiles/cmTC_50c4d.dir/build.make CMakeFiles/cmTC_50c4d.dir/build
make[1]: Entering directory '/home/csc/met-io-rs/met-io-rs/target/release/build/hdf5-src-a855198d21d93c8f/out/build/CMakeFiles/CMakeTmp'
Building C object CMakeFiles/cmTC_50c4d.dir/CheckFunctionExists.c.o
/usr/bin/cc -D_FILE_OFFSET_BITS=64 -D_LARGEFILE64_SOURCE -D_LARGEFILE_SOURCE  -ffunction-sections -fdata-sections -fPIC -m64 -DCHECK_FUNCTION_EXISTS=sigsetjmp -o CMakeFiles/cmTC_50c4d.dir/CheckFunctionExists.c.o -c /usr/local/share/cmake-3.19/Modules/CheckFunctionExists.c
Linking C executable cmTC_50c4d
/usr/local/bin/cmake -E cmake_link_script CMakeFiles/cmTC_50c4d.dir/link.txt --verbose=1
/usr/bin/cc  -ffunction-sections -fdata-sections -fPIC -m64 -DCHECK_FUNCTION_EXISTS=sigsetjmp CMakeFiles/cmTC_50c4d.dir/CheckFunctionExists.c.o -o cmTC_50c4d 
CMakeFiles/cmTC_50c4d.dir/CheckFunctionExists.c.o: In function `main':
CheckFunctionExists.c:(.text.main+0x10): undefined reference to `sigsetjmp'
collect2: error: ld returned 1 exit status
CMakeFiles/cmTC_50c4d.dir/build.make:105: recipe for target 'cmTC_50c4d' failed
make[1]: *** [cmTC_50c4d] Error 1
make[1]: Leaving directory '/home/csc/met-io-rs/met-io-rs/target/release/build/hdf5-src-a855198d21d93c8f/out/build/CMakeFiles/CMakeTmp'
Makefile:140: recipe for target 'cmTC_50c4d/fast' failed
make: *** [cmTC_50c4d/fast] Error 2



Determining if the function clock_gettime exists in the posix4 failed with the following output:
Change Dir: /home/csc/met-io-rs/met-io-rs/target/release/build/hdf5-src-a855198d21d93c8f/out/build/CMakeFiles/CMakeTmp

Run Build Command(s):/usr/bin/make cmTC_9947f/fast && /usr/bin/make  -f CMakeFiles/cmTC_9947f.dir/build.make CMakeFiles/cmTC_9947f.dir/build
make[1]: Entering directory '/home/csc/met-io-rs/met-io-rs/target/release/build/hdf5-src-a855198d21d93c8f/out/build/CMakeFiles/CMakeTmp'
Building C object CMakeFiles/cmTC_9947f.dir/CheckFunctionExists.c.o
/usr/bin/cc -D_FILE_OFFSET_BITS=64 -D_LARGEFILE64_SOURCE -D_LARGEFILE_SOURCE  -ffunction-sections -fdata-sections -fPIC -m64 -DCHECK_FUNCTION_EXISTS=clock_gettime -o CMakeFiles/cmTC_9947f.dir/CheckFunctionExists.c.o -c /usr/local/share/cmake-3.19/Modules/CheckFunctionExists.c
Linking C executable cmTC_9947f
/usr/local/bin/cmake -E cmake_link_script CMakeFiles/cmTC_9947f.dir/link.txt --verbose=1
/usr/bin/cc  -ffunction-sections -fdata-sections -fPIC -m64 -DCHECK_FUNCTION_EXISTS=clock_gettime CMakeFiles/cmTC_9947f.dir/CheckFunctionExists.c.o -o cmTC_9947f  -lposix4 
/usr/bin/ld: cannot find -lposix4
collect2: error: ld returned 1 exit status
CMakeFiles/cmTC_9947f.dir/build.make:105: recipe for target 'cmTC_9947f' failed
make[1]: *** [cmTC_9947f] Error 1
make[1]: Leaving directory '/home/csc/met-io-rs/met-io-rs/target/release/build/hdf5-src-a855198d21d93c8f/out/build/CMakeFiles/CMakeTmp'
Makefile:140: recipe for target 'cmTC_9947f/fast' failed
make: *** [cmTC_9947f/fast] Error 2



Determining size of _Quad failed with the following output:
Change Dir: /home/csc/met-io-rs/met-io-rs/target/release/build/hdf5-src-a855198d21d93c8f/out/build/CMakeFiles/CMakeTmp

Run Build Command(s):/usr/bin/make cmTC_9dffe/fast && /usr/bin/make  -f CMakeFiles/cmTC_9dffe.dir/build.make CMakeFiles/cmTC_9dffe.dir/build
make[1]: Entering directory '/home/csc/met-io-rs/met-io-rs/target/release/build/hdf5-src-a855198d21d93c8f/out/build/CMakeFiles/CMakeTmp'
Building C object CMakeFiles/cmTC_9dffe.dir/H5_SIZEOF__QUAD.c.o
/usr/bin/cc -D_FILE_OFFSET_BITS=64 -D_LARGEFILE64_SOURCE -D_LARGEFILE_SOURCE  -ffunction-sections -fdata-sections -fPIC -m64  -o CMakeFiles/cmTC_9dffe.dir/H5_SIZEOF__QUAD.c.o -c /home/csc/met-io-rs/met-io-rs/target/release/build/hdf5-src-a855198d21d93c8f/out/build/CMakeFiles/CheckTypeSize/H5_SIZEOF__QUAD.c
/home/csc/met-io-rs/met-io-rs/target/release/build/hdf5-src-a855198d21d93c8f/out/build/CMakeFiles/CheckTypeSize/H5_SIZEOF__QUAD.c:27:22: error: ‘_Quad’ undeclared here (not in a function); did you mean ‘u_quad_t’?
 #define SIZE (sizeof(_Quad))
                      ^
/home/csc/met-io-rs/met-io-rs/target/release/build/hdf5-src-a855198d21d93c8f/out/build/CMakeFiles/CheckTypeSize/H5_SIZEOF__QUAD.c:29:12: note: in expansion of macro ‘SIZE’
   ('0' + ((SIZE / 10000)%10)),
            ^~~~
CMakeFiles/cmTC_9dffe.dir/build.make:84: recipe for target 'CMakeFiles/cmTC_9dffe.dir/H5_SIZEOF__QUAD.c.o' failed
make[1]: *** [CMakeFiles/cmTC_9dffe.dir/H5_SIZEOF__QUAD.c.o] Error 1
make[1]: Leaving directory '/home/csc/met-io-rs/met-io-rs/target/release/build/hdf5-src-a855198d21d93c8f/out/build/CMakeFiles/CMakeTmp'
Makefile:140: recipe for target 'cmTC_9dffe/fast' failed
make: *** [cmTC_9dffe/fast] Error 2


/home/csc/met-io-rs/met-io-rs/target/release/build/hdf5-src-a855198d21d93c8f/out/build/CMakeFiles/CheckTypeSize/H5_SIZEOF__QUAD.c:
#include <sys/types.h>
#include <stdint.h>
#include <stddef.h>


#undef KEY
#if defined(__i386)
# define KEY '_','_','i','3','8','6'
#elif defined(__x86_64)
# define KEY '_','_','x','8','6','_','6','4'
#elif defined(__PPC64__)
# define KEY '_','_','P','P','C','6','4','_','_'
#elif defined(__ppc64__)
# define KEY '_','_','p','p','c','6','4','_','_'
#elif defined(__PPC__)
# define KEY '_','_','P','P','C','_','_'
#elif defined(__ppc__)
# define KEY '_','_','p','p','c','_','_'
#elif defined(__aarch64__)
# define KEY '_','_','a','a','r','c','h','6','4','_','_'
#elif defined(__ARM_ARCH_7A__)
# define KEY '_','_','A','R','M','_','A','R','C','H','_','7','A','_','_'
#elif defined(__ARM_ARCH_7S__)
# define KEY '_','_','A','R','M','_','A','R','C','H','_','7','S','_','_'
#endif

#define SIZE (sizeof(_Quad))
static char info_size[] =  {'I', 'N', 'F', 'O', ':', 's','i','z','e','[',
  ('0' + ((SIZE / 10000)%10)),
  ('0' + ((SIZE / 1000)%10)),
  ('0' + ((SIZE / 100)%10)),
  ('0' + ((SIZE / 10)%10)),
  ('0' +  (SIZE    % 10)),
  ']',
#ifdef KEY
  ' ','k','e','y','[', KEY, ']',
#endif
  '\0'};

#ifdef __CLASSIC_C__
int main(argc, argv) int argc; char *argv[];
#else
int main(int argc, char *argv[])
#endif
{
  int require = 0;
  require += info_size[argc];
  (void)argv;
  return require;
}


Test H5_LDOUBLE_TO_LONG_SPECIAL Run failed with the following output and exit code:
 Change Dir: /home/csc/met-io-rs/met-io-rs/target/release/build/hdf5-src-a855198d21d93c8f/out/build/CMakeFiles/CMakeTmp

Run Build Command(s):/usr/bin/make cmTC_5387a/fast && /usr/bin/make  -f CMakeFiles/cmTC_5387a.dir/build.make CMakeFiles/cmTC_5387a.dir/build
make[1]: Entering directory '/home/csc/met-io-rs/met-io-rs/target/release/build/hdf5-src-a855198d21d93c8f/out/build/CMakeFiles/CMakeTmp'
Building C object CMakeFiles/cmTC_5387a.dir/ConversionTests.c.o
/usr/bin/cc   -ffunction-sections -fdata-sections -fPIC -m64 -DH5_LDOUBLE_TO_LONG_SPECIAL_TEST -o CMakeFiles/cmTC_5387a.dir/ConversionTests.c.o -c /home/csc/met-io-rs/met-io-rs/hdf5-rust/hdf5-src/ext/hdf5/config/cmake/ConversionTests.c
Linking C executable cmTC_5387a
/usr/local/bin/cmake -E cmake_link_script CMakeFiles/cmTC_5387a.dir/link.txt --verbose=1
/usr/bin/cc  -ffunction-sections -fdata-sections -fPIC -m64 -DH5_LDOUBLE_TO_LONG_SPECIAL_TEST CMakeFiles/cmTC_5387a.dir/ConversionTests.c.o -o cmTC_5387a 
make[1]: Leaving directory '/home/csc/met-io-rs/met-io-rs/target/release/build/hdf5-src-a855198d21d93c8f/out/build/CMakeFiles/CMakeTmp'


Test H5_LONG_TO_LDOUBLE_SPECIAL Run failed with the following output and exit code:
 Change Dir: /home/csc/met-io-rs/met-io-rs/target/release/build/hdf5-src-a855198d21d93c8f/out/build/CMakeFiles/CMakeTmp

Run Build Command(s):/usr/bin/make cmTC_30336/fast && /usr/bin/make  -f CMakeFiles/cmTC_30336.dir/build.make CMakeFiles/cmTC_30336.dir/build
make[1]: Entering directory '/home/csc/met-io-rs/met-io-rs/target/release/build/hdf5-src-a855198d21d93c8f/out/build/CMakeFiles/CMakeTmp'
Building C object CMakeFiles/cmTC_30336.dir/ConversionTests.c.o
/usr/bin/cc   -ffunction-sections -fdata-sections -fPIC -m64 -DH5_LONG_TO_LDOUBLE_SPECIAL_TEST -o CMakeFiles/cmTC_30336.dir/ConversionTests.c.o -c /home/csc/met-io-rs/met-io-rs/hdf5-rust/hdf5-src/ext/hdf5/config/cmake/ConversionTests.c
Linking C executable cmTC_30336
/usr/local/bin/cmake -E cmake_link_script CMakeFiles/cmTC_30336.dir/link.txt --verbose=1
/usr/bin/cc  -ffunction-sections -fdata-sections -fPIC -m64 -DH5_LONG_TO_LDOUBLE_SPECIAL_TEST CMakeFiles/cmTC_30336.dir/ConversionTests.c.o -o cmTC_30336 
make[1]: Leaving directory '/home/csc/met-io-rs/met-io-rs/target/release/build/hdf5-src-a855198d21d93c8f/out/build/CMakeFiles/CMakeTmp'


Test H5_DISABLE_SOME_LDOUBLE_CONV Run failed with the following output and exit code:
 Change Dir: /home/csc/met-io-rs/met-io-rs/target/release/build/hdf5-src-a855198d21d93c8f/out/build/CMakeFiles/CMakeTmp

Run Build Command(s):/usr/bin/make cmTC_c0939/fast && /usr/bin/make  -f CMakeFiles/cmTC_c0939.dir/build.make CMakeFiles/cmTC_c0939.dir/build
make[1]: Entering directory '/home/csc/met-io-rs/met-io-rs/target/release/build/hdf5-src-a855198d21d93c8f/out/build/CMakeFiles/CMakeTmp'
Building C object CMakeFiles/cmTC_c0939.dir/ConversionTests.c.o
/usr/bin/cc   -ffunction-sections -fdata-sections -fPIC -m64 -DH5_DISABLE_SOME_LDOUBLE_CONV_TEST -o CMakeFiles/cmTC_c0939.dir/ConversionTests.c.o -c /home/csc/met-io-rs/met-io-rs/hdf5-rust/hdf5-src/ext/hdf5/config/cmake/ConversionTests.c
Linking C executable cmTC_c0939
/usr/local/bin/cmake -E cmake_link_script CMakeFiles/cmTC_c0939.dir/link.txt --verbose=1
/usr/bin/cc  -ffunction-sections -fdata-sections -fPIC -m64 -DH5_DISABLE_SOME_LDOUBLE_CONV_TEST CMakeFiles/cmTC_c0939.dir/ConversionTests.c.o -o cmTC_c0939 
make[1]: Leaving directory '/home/csc/met-io-rs/met-io-rs/target/release/build/hdf5-src-a855198d21d93c8f/out/build/CMakeFiles/CMakeTmp'


